root - INFO - File Read Successfully
root - INFO - Saving Your File
root - INFO - File has been saved
root - INFO - Creating your destination file.
root - INFO - Desired format is txt.
root - INFO - convert_docx2txt function execution started.
root - INFO - Finally, File has been converted successfully.
multipart.multipart - DEBUG - Calling on_part_begin with no data
multipart.multipart - DEBUG - Calling on_header_field with data[42:61]
multipart.multipart - DEBUG - Calling on_header_value with data[63:116]
multipart.multipart - DEBUG - Calling on_header_end with no data
multipart.multipart - DEBUG - Calling on_header_field with data[118:130]
multipart.multipart - DEBUG - Calling on_header_value with data[132:203]
multipart.multipart - DEBUG - Calling on_header_end with no data
multipart.multipart - DEBUG - Calling on_headers_finished with no data
multipart.multipart - DEBUG - Calling on_part_data with data[207:16384]
multipart.multipart - DEBUG - Calling on_part_data with data[0:16384]
multipart.multipart - DEBUG - Calling on_part_data with data[0:16384]
multipart.multipart - DEBUG - Calling on_part_data with data[0:81920]
multipart.multipart - DEBUG - Calling on_part_data with data[0:83842]
multipart.multipart - DEBUG - Calling on_part_data with data[0:1]
multipart.multipart - DEBUG - Calling on_part_data with data[83843:162525]
multipart.multipart - DEBUG - Calling on_part_data with data[0:1]
multipart.multipart - DEBUG - Calling on_part_data with data[162526:257055]
multipart.multipart - DEBUG - Calling on_part_data with data[0:1]
multipart.multipart - DEBUG - Calling on_part_data with data[257056:262144]
multipart.multipart - DEBUG - Calling on_part_data with data[0:262144]
multipart.multipart - DEBUG - Calling on_part_data with data[0:14192]
multipart.multipart - DEBUG - Calling on_part_data with data[0:1]
multipart.multipart - DEBUG - Calling on_part_data with data[14193:16384]
multipart.multipart - DEBUG - Calling on_part_data with data[0:32768]
multipart.multipart - DEBUG - Calling on_part_data with data[0:23108]
multipart.multipart - DEBUG - Calling on_part_data with data[0:1]
multipart.multipart - DEBUG - Calling on_part_data with data[23109:71470]
multipart.multipart - DEBUG - Calling on_part_data with data[0:1]
multipart.multipart - DEBUG - Calling on_part_data with data[71471:103751]
multipart.multipart - DEBUG - Calling on_part_data with data[0:1]
multipart.multipart - DEBUG - Calling on_part_data with data[103752:134702]
multipart.multipart - DEBUG - Calling on_part_data with data[0:1]
multipart.multipart - DEBUG - Calling on_part_data with data[134703:144261]
multipart.multipart - DEBUG - Calling on_part_data with data[0:1]
multipart.multipart - DEBUG - Calling on_part_data with data[144262:229376]
multipart.multipart - DEBUG - Calling on_part_data with data[0:80605]
multipart.multipart - DEBUG - Calling on_part_data with data[0:1]
multipart.multipart - DEBUG - Calling on_part_data with data[80606:80901]
multipart.multipart - DEBUG - Calling on_part_data with data[0:1]
multipart.multipart - DEBUG - Calling on_part_data with data[80902:179646]
multipart.multipart - DEBUG - Calling on_part_data with data[0:1]
multipart.multipart - DEBUG - Calling on_part_data with data[179647:221604]
multipart.multipart - DEBUG - Calling on_part_data with data[0:1]
multipart.multipart - DEBUG - Calling on_part_data with data[221605:236520]
multipart.multipart - DEBUG - Calling on_part_data with data[0:1]
multipart.multipart - DEBUG - Calling on_part_data with data[236521:253321]
multipart.multipart - DEBUG - Calling on_part_data with data[0:1]
multipart.multipart - DEBUG - Calling on_part_data with data[253322:262144]
multipart.multipart - DEBUG - Calling on_part_data with data[0:102202]
multipart.multipart - DEBUG - Calling on_part_data with data[0:1]
multipart.multipart - DEBUG - Calling on_part_data with data[102203:203780]
multipart.multipart - DEBUG - Calling on_part_data with data[0:1]
multipart.multipart - DEBUG - Calling on_part_data with data[203781:262144]
multipart.multipart - DEBUG - Calling on_part_data with data[0:262144]
multipart.multipart - DEBUG - Calling on_part_data with data[0:148669]
multipart.multipart - DEBUG - Calling on_part_end with no data
multipart.multipart - DEBUG - Calling on_part_begin with no data
multipart.multipart - DEBUG - Calling on_header_field with data[148713:148732]
multipart.multipart - DEBUG - Calling on_header_value with data[148734:148767]
multipart.multipart - DEBUG - Calling on_header_end with no data
multipart.multipart - DEBUG - Calling on_headers_finished with no data
multipart.multipart - DEBUG - Calling on_part_data with data[148771:148774]
multipart.multipart - DEBUG - Calling on_part_end with no data
multipart.multipart - DEBUG - Calling on_end with no data
root - INFO - File Read Successfully
root - INFO - Saving Your File
root - INFO - File has been saved
root - INFO - Creating your destination file.
root - INFO - Desired format is pdf.
root - INFO - convert_docx2pdf function execution started.
root - INFO - Finally, File has been converted successfully.
uvicorn.error - INFO - Shutting down
